android/app/build/intermediates/manifest_merge_blame_file/debug/manifest-merger-blame-debug-report.txt
1<?xml version="1.0" encoding="utf-8"?>
2<manifest xmlns:android="http://schemas.android.com/apk/res/android"
3    package="com.camera"
4    android:versionCode="1"
5    android:versionName="1.0" >
6
7    <uses-sdk
8        android:minSdkVersion="16"
9        android:targetSdkVersion="28" />
10
11    <uses-permission android:name="android.permission.SYSTEM_ALERT_WINDOW" />
11-->src/debug/AndroidManifest.xml:5:5-77
11-->src/debug/AndroidManifest.xml:5:22-75
12    <uses-permission android:name="android.permission.INTERNET" /> <!-- Required -->
12-->src/main/AndroidManifest.xml:4:5-67
12-->src/main/AndroidManifest.xml:4:22-64
13    <uses-permission android:name="android.permission.CAMERA" />
13-->src/main/AndroidManifest.xml:7:5-65
13-->src/main/AndroidManifest.xml:7:22-62
14    <uses-permission android:name="android.permission.ACCESS_WIFI_STATE" />
14-->[com.facebook.flipper:flipper:0.33.1] AndroidManifest.xml:16:5-76
14-->[com.facebook.flipper:flipper:0.33.1] AndroidManifest.xml:16:22-73
15
16    <uses-feature
16-->[:react-native-camera] AndroidManifest.xml:11:5-13:36
17        android:name="android.hardware.camera"
17-->[:react-native-camera] AndroidManifest.xml:12:9-47
18        android:required="false" />
18-->[:react-native-camera] AndroidManifest.xml:13:9-33
19    <uses-feature
19-->[:react-native-camera] AndroidManifest.xml:14:5-16:36
20        android:name="android.hardware.camera.autofocus"
20-->[:react-native-camera] AndroidManifest.xml:15:9-57
21        android:required="false" />
21-->[:react-native-camera] AndroidManifest.xml:16:9-33
22
23    <application
23-->src/main/AndroidManifest.xml:9:5-29:19
24        android:name="com.camera.MainApplication"
24-->src/main/AndroidManifest.xml:10:7-38
25        android:allowBackup="false"
25-->src/main/AndroidManifest.xml:14:7-34
26        android:appComponentFactory="androidx.core.app.CoreComponentFactory"
26-->[androidx.core:core:1.1.0] AndroidManifest.xml:24:18-86
27        android:debuggable="true"
28        android:icon="@mipmap/ic_launcher"
28-->src/main/AndroidManifest.xml:12:7-41
29        android:label="@string/app_name"
29-->src/main/AndroidManifest.xml:11:7-39
30        android:roundIcon="@mipmap/ic_launcher_round"
30-->src/main/AndroidManifest.xml:13:7-52
31        android:theme="@style/AppTheme"
31-->src/main/AndroidManifest.xml:15:7-38
32        android:usesCleartextTraffic="true" >
32-->src/debug/AndroidManifest.xml:7:18-53
33        <activity
33-->src/main/AndroidManifest.xml:16:7-27:18
34            android:name="com.camera.MainActivity"
34-->src/main/AndroidManifest.xml:17:9-37
35            android:configChanges="keyboard|keyboardHidden|orientation|screenSize|uiMode"
35-->src/main/AndroidManifest.xml:20:9-86
36            android:label="@string/app_name"
36-->src/main/AndroidManifest.xml:19:9-41
37            android:launchMode="singleTask"
37-->src/main/AndroidManifest.xml:21:9-40
38            android:screenOrientation="landscape"
38-->src/main/AndroidManifest.xml:18:9-46
39            android:windowSoftInputMode="adjustResize" >
39-->src/main/AndroidManifest.xml:22:9-51
40            <intent-filter>
40-->src/main/AndroidManifest.xml:23:9-26:25
41                <action android:name="android.intent.action.MAIN" />
41-->src/main/AndroidManifest.xml:24:13-65
41-->src/main/AndroidManifest.xml:24:21-62
42
43                <category android:name="android.intent.category.LAUNCHER" />
43-->src/main/AndroidManifest.xml:25:13-73
43-->src/main/AndroidManifest.xml:25:23-70
44            </intent-filter>
45        </activity>
46        <activity android:name="com.facebook.react.devsupport.DevSettingsActivity" />
46-->src/main/AndroidManifest.xml:28:7-84
46-->src/main/AndroidManifest.xml:28:17-81
47        <activity
47-->[com.google.android.gms:play-services-base:16.0.1] AndroidManifest.xml:23:9-26:75
48            android:name="com.google.android.gms.common.api.GoogleApiActivity"
48-->[com.google.android.gms:play-services-base:16.0.1] AndroidManifest.xml:24:13-79
49            android:exported="false"
49-->[com.google.android.gms:play-services-base:16.0.1] AndroidManifest.xml:25:13-37
50            android:theme="@android:style/Theme.Translucent.NoTitleBar" />
50-->[com.google.android.gms:play-services-base:16.0.1] AndroidManifest.xml:26:13-72
51
52        <meta-data
52-->[com.google.android.gms:play-services-basement:16.1.0] AndroidManifest.xml:23:9-25:69
53            android:name="com.google.android.gms.version"
53-->[com.google.android.gms:play-services-basement:16.1.0] AndroidManifest.xml:24:13-58
54            android:value="@integer/google_play_services_version" />
54-->[com.google.android.gms:play-services-basement:16.1.0] AndroidManifest.xml:25:13-66
55    </application>
56
57</manifest>